This is pdfTeX, Version 3.141592653-2.6-1.40.23 (TeX Live 2022/dev) (preloaded format=pdflatex 2021.8.16)  19 FEB 2024 17:12
entering extended mode
 restricted \write18 enabled.
 file:line:error style messages enabled.
 %&-line parsing enabled.
**math.html
(./math.html
LaTeX2e <2021-06-01> patch level 1
L3 programming layer <2021-07-12>

./math.html:1: LaTeX Error: Missing \begin{document}.

See the LaTeX manual or LaTeX Companion for explanation.
Type  H <return>  for immediate help.
 ...                                              
                                                  
l.1 <
     html>
? 
./math.html:1: Emergency stop.
 ...                                              
                                                  
l.1 <
     html>
You're in trouble here.  Try typing  <return>  to proceed.
If that doesn't work, type  X <return>  to quit.

 
Here is how much of TeX's memory you used:
 17 strings out of 478542
 515 string characters out of 5850387
 291678 words of memory out of 5000000
 18055 multiletter control sequences out of 15000+600000
 403430 words of font info for 27 fonts, out of 8000000 for 9000
 1141 hyphenation exceptions out of 8191
 13i,0n,12p,48b,14s stack positions out of 5000i,500n,10000p,200000b,80000s
./math.html:1:  ==> Fatal error occurred, no output PDF file produced!
